2012-08-08 16:16:07 Error: Fatal Error (4): syntax error, unexpected T_STRING, expecting T_VARIABLE in [/vagrant/arquivos/www/cakephp/app/Test/Fixture/PostFixture.php, line 4]
2012-08-08 16:16:07 Error: [FatalErrorException] syntax error, unexpected T_STRING, expecting T_VARIABLE
#0 /vagrant/arquivos/www/cakephp/lib/Cake/Error/ErrorHandler.php(162): ErrorHandler::handleFatalError(4, 'syntax error, u...', '/vagrant/arquiv...', 4)
#1 [internal function]: ErrorHandler::handleError(4, 'syntax error, u...', '/vagrant/arquiv...', 4, Array)
#2 /vagrant/arquivos/www/cakephp/lib/Cake/Core/App.php(926): call_user_func('ErrorHandler::h...', 4, 'syntax error, u...', '/vagrant/arquiv...', 4, Array)
#3 /vagrant/arquivos/www/cakephp/lib/Cake/Core/App.php(899): App::_checkFatalError()
#4 [internal function]: App::shutdown()
#5 {main}
2012-08-08 16:16:49 Error: Fatal Error (4): syntax error, unexpected T_STRING, expecting T_VARIABLE in [/vagrant/arquivos/www/cakephp/app/Test/Fixture/PostFixture.php, line 4]
2012-08-08 16:16:49 Error: [FatalErrorException] syntax error, unexpected T_STRING, expecting T_VARIABLE
#0 /vagrant/arquivos/www/cakephp/lib/Cake/Error/ErrorHandler.php(162): ErrorHandler::handleFatalError(4, 'syntax error, u...', '/vagrant/arquiv...', 4)
#1 [internal function]: ErrorHandler::handleError(4, 'syntax error, u...', '/vagrant/arquiv...', 4, Array)
#2 /vagrant/arquivos/www/cakephp/lib/Cake/Core/App.php(926): call_user_func('ErrorHandler::h...', 4, 'syntax error, u...', '/vagrant/arquiv...', 4, Array)
#3 /vagrant/arquivos/www/cakephp/lib/Cake/Core/App.php(899): App::_checkFatalError()
#4 [internal function]: App::shutdown()
#5 {main}
2012-08-08 16:16:54 Error: Fatal Error (4): syntax error, unexpected T_STRING, expecting T_VARIABLE in [/vagrant/arquivos/www/cakephp/app/Test/Fixture/PostFixture.php, line 4]
2012-08-08 16:16:54 Error: [FatalErrorException] syntax error, unexpected T_STRING, expecting T_VARIABLE
#0 /vagrant/arquivos/www/cakephp/lib/Cake/Error/ErrorHandler.php(162): ErrorHandler::handleFatalError(4, 'syntax error, u...', '/vagrant/arquiv...', 4)
#1 [internal function]: ErrorHandler::handleError(4, 'syntax error, u...', '/vagrant/arquiv...', 4, Array)
#2 /vagrant/arquivos/www/cakephp/lib/Cake/Core/App.php(926): call_user_func('ErrorHandler::h...', 4, 'syntax error, u...', '/vagrant/arquiv...', 4, Array)
#3 /vagrant/arquivos/www/cakephp/lib/Cake/Core/App.php(899): App::_checkFatalError()
#4 [internal function]: App::shutdown()
#5 {main}
2012-08-08 16:16:58 Error: Fatal Error (4): syntax error, unexpected T_STRING, expecting T_VARIABLE in [/vagrant/arquivos/www/cakephp/app/Test/Fixture/PostFixture.php, line 4]
2012-08-08 16:16:58 Error: [FatalErrorException] syntax error, unexpected T_STRING, expecting T_VARIABLE
#0 /vagrant/arquivos/www/cakephp/lib/Cake/Error/ErrorHandler.php(162): ErrorHandler::handleFatalError(4, 'syntax error, u...', '/vagrant/arquiv...', 4)
#1 [internal function]: ErrorHandler::handleError(4, 'syntax error, u...', '/vagrant/arquiv...', 4, Array)
#2 /vagrant/arquivos/www/cakephp/lib/Cake/Core/App.php(926): call_user_func('ErrorHandler::h...', 4, 'syntax error, u...', '/vagrant/arquiv...', 4, Array)
#3 /vagrant/arquivos/www/cakephp/lib/Cake/Core/App.php(899): App::_checkFatalError()
#4 [internal function]: App::shutdown()
#5 {main}
2012-08-08 16:17:23 Error: [PDOException] SQLSTATE[42S22]: Column not found: 1054 Unknown column 'updated' in 'field list'
#0 /vagrant/arquivos/www/cakephp/lib/Cake/Model/Datasource/DboSource.php(2919): PDOStatement->execute()
#1 /vagrant/arquivos/www/cakephp/lib/Cake/TestSuite/Fixture/CakeTestFixture.php(246): DboSource->insertMulti('posts', Array, Array)
#2 /vagrant/arquivos/www/cakephp/lib/Cake/TestSuite/Fixture/CakeFixtureManager.php(215): CakeTestFixture->insert(Object(Mysql))
#3 /vagrant/arquivos/www/cakephp/lib/Cake/TestSuite/CakeTestCase.php(76): CakeFixtureManager->load(Object(PostTest))
#4 /usr/share/php/PHPUnit/Framework/TestSuite.php(772): CakeTestCase->run(Object(PHPUnit_Framework_TestResult))
#5 /usr/share/php/PHPUnit/Framework/TestSuite.php(745): PHPUnit_Framework_TestSuite->runTest(Object(PostTest), Object(PHPUnit_Framework_TestResult))
#6 /usr/share/php/PHPUnit/TextUI/TestRunner.php(325): PHPUnit_Framework_TestSuite->run(Object(PHPUnit_Framework_TestResult), false, Array, Array, false)
#7 /vagrant/arquivos/www/cakephp/lib/Cake/TestSuite/CakeTestRunner.php(57): PHPUnit_TextUI_TestRunner->doRun(Object(PHPUnit_Framework_TestSuite), Array)
#8 /vagrant/arquivos/www/cakephp/lib/Cake/TestSuite/CakeTestSuiteCommand.php(111): CakeTestRunner->doRun(Object(PHPUnit_Framework_TestSuite), Array)
#9 /vagrant/arquivos/www/cakephp/lib/Cake/TestSuite/CakeTestSuiteDispatcher.php(242): CakeTestSuiteCommand->run(Array)
#10 /vagrant/arquivos/www/cakephp/lib/Cake/TestSuite/CakeTestSuiteDispatcher.php(99): CakeTestSuiteDispatcher->_runTestCase()
#11 /vagrant/arquivos/www/cakephp/lib/Cake/TestSuite/CakeTestSuiteDispatcher.php(116): CakeTestSuiteDispatcher->dispatch()
#12 /vagrant/arquivos/www/cakephp/app/webroot/test.php(92): CakeTestSuiteDispatcher::run()
#13 {main}
2012-08-08 16:52:31 Error: Fatal Error (4): syntax error, unexpected T_CONSTANT_ENCAPSED_STRING, expecting ')' in [/vagrant/arquivos/www/cakephp/app/Test/Case/Model/PostTest.php, line 50]
2012-08-08 16:52:31 Error: [FatalErrorException] syntax error, unexpected T_CONSTANT_ENCAPSED_STRING, expecting ')'
#0 /vagrant/arquivos/www/cakephp/lib/Cake/Error/ErrorHandler.php(162): ErrorHandler::handleFatalError(4, 'syntax error, u...', '/vagrant/arquiv...', 50)
#1 [internal function]: ErrorHandler::handleError(4, 'syntax error, u...', '/vagrant/arquiv...', 50, Array)
#2 /vagrant/arquivos/www/cakephp/lib/Cake/Core/App.php(926): call_user_func('ErrorHandler::h...', 4, 'syntax error, u...', '/vagrant/arquiv...', 50, Array)
#3 /vagrant/arquivos/www/cakephp/lib/Cake/Core/App.php(899): App::_checkFatalError()
#4 [internal function]: App::shutdown()
#5 {main}
2012-08-08 16:54:19 Error: Fatal Error (4): syntax error, unexpected T_CONSTANT_ENCAPSED_STRING, expecting ')' in [/vagrant/arquivos/www/cakephp/app/Test/Case/Model/PostTest.php, line 41]
2012-08-08 16:54:19 Error: [FatalErrorException] syntax error, unexpected T_CONSTANT_ENCAPSED_STRING, expecting ')'
#0 /vagrant/arquivos/www/cakephp/lib/Cake/Error/ErrorHandler.php(162): ErrorHandler::handleFatalError(4, 'syntax error, u...', '/vagrant/arquiv...', 41)
#1 [internal function]: ErrorHandler::handleError(4, 'syntax error, u...', '/vagrant/arquiv...', 41, Array)
#2 /vagrant/arquivos/www/cakephp/lib/Cake/Core/App.php(926): call_user_func('ErrorHandler::h...', 4, 'syntax error, u...', '/vagrant/arquiv...', 41, Array)
#3 /vagrant/arquivos/www/cakephp/lib/Cake/Core/App.php(899): App::_checkFatalError()
#4 [internal function]: App::shutdown()
#5 {main}
2012-08-08 17:12:16 Error: Fatal Error (4): syntax error, unexpected T_VARIABLE in [/vagrant/arquivos/www/cakephp/app/Test/Case/Model/PostTest.php, line 67]
2012-08-08 17:12:16 Error: [FatalErrorException] syntax error, unexpected T_VARIABLE
#0 /vagrant/arquivos/www/cakephp/lib/Cake/Error/ErrorHandler.php(162): ErrorHandler::handleFatalError(4, 'syntax error, u...', '/vagrant/arquiv...', 67)
#1 [internal function]: ErrorHandler::handleError(4, 'syntax error, u...', '/vagrant/arquiv...', 67, Array)
#2 /vagrant/arquivos/www/cakephp/lib/Cake/Core/App.php(926): call_user_func('ErrorHandler::h...', 4, 'syntax error, u...', '/vagrant/arquiv...', 67, Array)
#3 /vagrant/arquivos/www/cakephp/lib/Cake/Core/App.php(899): App::_checkFatalError()
#4 [internal function]: App::shutdown()
#5 {main}
2012-08-08 17:12:42 Error: Fatal Error (1): Call to undefined function read() in [/vagrant/arquivos/www/cakephp/app/Test/Case/Model/PostTest.php, line 74]
2012-08-08 17:12:42 Error: [FatalErrorException] Call to undefined function read()
#0 /vagrant/arquivos/www/cakephp/lib/Cake/Error/ErrorHandler.php(162): ErrorHandler::handleFatalError(1, 'Call to undefin...', '/vagrant/arquiv...', 74)
#1 [internal function]: ErrorHandler::handleError(1, 'Call to undefin...', '/vagrant/arquiv...', 74, Array)
#2 /vagrant/arquivos/www/cakephp/lib/Cake/Core/App.php(926): call_user_func('ErrorHandler::h...', 1, 'Call to undefin...', '/vagrant/arquiv...', 74, Array)
#3 /vagrant/arquivos/www/cakephp/lib/Cake/Core/App.php(899): App::_checkFatalError()
#4 [internal function]: App::shutdown()
#5 {main}
2012-12-13 13:12:58 Error: [MissingActionException] Action PostsController::index() could not be found.
#0 /vagrant/arquivos/www/cakephp/lib/Cake/Routing/Dispatcher.php(186): Controller->invokeAction(Object(CakeRequest))
#1 /vagrant/arquivos/www/cakephp/lib/Cake/Routing/Dispatcher.php(161): Dispatcher->_invoke(Object(PostsController), Object(CakeRequest), Object(CakeResponse))
#2 /vagrant/arquivos/www/cakephp/app/webroot/index.php(92): Dispatcher->dispatch(Object(CakeRequest), Object(CakeResponse))
#3 {main}
2012-12-13 13:13:03 Error: [MissingControllerException] Controller class PostController could not be found.
#0 /vagrant/arquivos/www/cakephp/app/webroot/index.php(92): Dispatcher->dispatch(Object(CakeRequest), Object(CakeResponse))
#1 {main}
2012-12-13 13:13:06 Error: [MissingActionException] Action PostsController::index() could not be found.
#0 /vagrant/arquivos/www/cakephp/lib/Cake/Routing/Dispatcher.php(186): Controller->invokeAction(Object(CakeRequest))
#1 /vagrant/arquivos/www/cakephp/lib/Cake/Routing/Dispatcher.php(161): Dispatcher->_invoke(Object(PostsController), Object(CakeRequest), Object(CakeResponse))
#2 /vagrant/arquivos/www/cakephp/app/webroot/index.php(92): Dispatcher->dispatch(Object(CakeRequest), Object(CakeResponse))
#3 {main}
2012-12-13 13:13:16 Error: [MissingActionException] Action PostsController::index() could not be found.
#0 /vagrant/arquivos/www/cakephp/lib/Cake/Routing/Dispatcher.php(186): Controller->invokeAction(Object(CakeRequest))
#1 /vagrant/arquivos/www/cakephp/lib/Cake/Routing/Dispatcher.php(161): Dispatcher->_invoke(Object(PostsController), Object(CakeRequest), Object(CakeResponse))
#2 /vagrant/arquivos/www/cakephp/app/webroot/index.php(92): Dispatcher->dispatch(Object(CakeRequest), Object(CakeResponse))
#3 {main}
2012-12-13 13:13:16 Error: [MissingControllerException] Controller class CssController could not be found.
#0 /vagrant/arquivos/www/cakephp/app/webroot/index.php(92): Dispatcher->dispatch(Object(CakeRequest), Object(CakeResponse))
#1 {main}
2012-12-13 13:13:16 Error: [MissingControllerException] Controller class Favicon.icoController could not be found.
#0 /vagrant/arquivos/www/cakephp/app/webroot/index.php(92): Dispatcher->dispatch(Object(CakeRequest), Object(CakeResponse))
#1 {main}
2012-12-13 13:13:16 Error: [MissingControllerException] Controller class ImgController could not be found.
#0 /vagrant/arquivos/www/cakephp/app/webroot/index.php(92): Dispatcher->dispatch(Object(CakeRequest), Object(CakeResponse))
#1 {main}
2012-12-13 13:13:17 Error: [MissingControllerException] Controller class Favicon.icoController could not be found.
#0 /vagrant/arquivos/www/cakephp/app/webroot/index.php(92): Dispatcher->dispatch(Object(CakeRequest), Object(CakeResponse))
#1 {main}
2012-12-13 13:13:17 Error: [MissingControllerException] Controller class Favicon.icoController could not be found.
#0 /vagrant/arquivos/www/cakephp/app/webroot/index.php(92): Dispatcher->dispatch(Object(CakeRequest), Object(CakeResponse))
#1 {main}
2012-12-13 13:13:17 Error: [MissingControllerException] Controller class Favicon.icoController could not be found.
#0 /vagrant/arquivos/www/cakephp/app/webroot/index.php(92): Dispatcher->dispatch(Object(CakeRequest), Object(CakeResponse))
#1 {main}
2012-12-13 13:14:53 Error: [MissingControllerException] Controller class TestsController could not be found.
#0 /vagrant/arquivos/www/cakephp/app/webroot/index.php(92): Dispatcher->dispatch(Object(CakeRequest), Object(CakeResponse))
#1 {main}
2012-12-13 13:15:29 Error: [MissingControllerException] Controller class VendorController could not be found.
#0 /vagrant/arquivos/www/cakephp/app/webroot/index.php(92): Dispatcher->dispatch(Object(CakeRequest), Object(CakeResponse))
#1 {main}
